[debug] [2023-04-14T20:16:05.163Z] ----------------------------------------------------------------------
[debug] [2023-04-14T20:16:05.164Z] Command:       C:\NodeJS\node.exe C:\Users\ffccs\AppData\Roaming\npm\node_modules\firebase-tools\lib\bin\firebase.js deploy
[debug] [2023-04-14T20:16:05.165Z] CLI Version:   11.27.0
[debug] [2023-04-14T20:16:05.165Z] Platform:      win32
[debug] [2023-04-14T20:16:05.166Z] Node Version:  v18.15.0
[debug] [2023-04-14T20:16:05.167Z] Time:          Sat Apr 15 2023 02:16:05 GMT+0600 (Bangladesh Standard Time)
[debug] [2023-04-14T20:16:05.167Z] ----------------------------------------------------------------------
[debug] 
[debug] [2023-04-14T20:16:05.262Z] > command requires scopes: ["email","openid","https://www.googleapis.com/auth/cloudplatformprojects.readonly","https://www.googleapis.com/auth/firebase","https://www.googleapis.com/auth/cloud-platform"]
[debug] [2023-04-14T20:16:05.262Z] > authorizing via signed-in user (mpisohel14@gmail.com)
[debug] [2023-04-14T20:16:05.262Z] [iam] checking project doctor-portal-bedbb for permissions ["firebase.projects.get","firebasehosting.sites.update"]
[debug] [2023-04-14T20:16:05.264Z] > refreshing access token with scopes: []
[debug] [2023-04-14T20:16:05.266Z] >>> [apiv2][query] POST https://www.googleapis.com/oauth2/v3/token [none]
[debug] [2023-04-14T20:16:05.266Z] >>> [apiv2][body] POST https://www.googleapis.com/oauth2/v3/token [omitted]
[debug] [2023-04-14T20:16:05.712Z] <<< [apiv2][status] POST https://www.googleapis.com/oauth2/v3/token 200
[debug] [2023-04-14T20:16:05.713Z] <<< [apiv2][body] POST https://www.googleapis.com/oauth2/v3/token [omitted]
[debug] [2023-04-14T20:16:05.733Z] >>> [apiv2][query] POST https://cloudresourcemanager.googleapis.com/v1/projects/doctor-portal-bedbb:testIamPermissions [none]
[debug] [2023-04-14T20:16:05.733Z] >>> [apiv2][(partial)header] POST https://cloudresourcemanager.googleapis.com/v1/projects/doctor-portal-bedbb:testIamPermissions x-goog-quota-user=projects/doctor-portal-bedbb
[debug] [2023-04-14T20:16:05.733Z] >>> [apiv2][body] POST https://cloudresourcemanager.googleapis.com/v1/projects/doctor-portal-bedbb:testIamPermissions {"permissions":["firebase.projects.get","firebasehosting.sites.update"]}
[debug] [2023-04-14T20:16:07.123Z] <<< [apiv2][status] POST https://cloudresourcemanager.googleapis.com/v1/projects/doctor-portal-bedbb:testIamPermissions 200
[debug] [2023-04-14T20:16:07.123Z] <<< [apiv2][body] POST https://cloudresourcemanager.googleapis.com/v1/projects/doctor-portal-bedbb:testIamPermissions {}
[debug] [2023-04-14T20:16:07.123Z] [iam] error while checking permissions, command may fail: FirebaseError: Authorization failed. This account is missing the following required permissions on project doctor-portal-bedbb:

  firebase.projects.get
  firebasehosting.sites.update
[debug] [2023-04-14T20:16:07.126Z] >>> [apiv2][query] GET https://firebase.googleapis.com/v1beta1/projects/doctor-portal-bedbb [none]
[debug] [2023-04-14T20:16:07.979Z] <<< [apiv2][status] GET https://firebase.googleapis.com/v1beta1/projects/doctor-portal-bedbb 403
[debug] [2023-04-14T20:16:07.979Z] <<< [apiv2][body] GET https://firebase.googleapis.com/v1beta1/projects/doctor-portal-bedbb {"error":{"code":403,"message":"The caller does not have permission","status":"PERMISSION_DENIED"}}
[debug] [2023-04-14T20:16:07.980Z] HTTP Error: 403, The caller does not have permission
[debug] [2023-04-14T20:16:08.236Z] FirebaseError: HTTP Error: 403, The caller does not have permission
    at responseToError (C:\Users\ffccs\AppData\Roaming\npm\node_modules\firebase-tools\lib\responseToError.js:49:12)
    at RetryOperation._fn (C:\Users\ffccs\AppData\Roaming\npm\node_modules\firebase-tools\lib\apiv2.js:288:77)
    at process.processTicksAndRejections (node:internal/process/task_queues:95:5)
[error] 
[error] Error: Failed to get Firebase project doctor-portal-bedbb. Please make sure the project exists and your account has permission to access it.
